<?xml version="1.0" encoding="UTF-8"?>
<!-- Generated by org.testng.reporters.JUnitReportReporter -->
<testsuite hostname="IBM-PF3DZ8GN" failures="0" tests="1" name="com.testing.testcases.IndexPageTest" time="13.552" errors="0" timestamp="2022-07-10T18:22:08 IST" skipped="0">
  <testcase classname="com.testing.testcases.IndexPageTest" name="verifyLogo" time="13.552"/>
  <system-out/>
</testsuite> <!-- com.testing.testcases.IndexPageTest -->
