<?xml version="1.0" encoding="UTF-8"?>
<!-- Generated by org.testng.reporters.JUnitReportReporter -->
<testsuite hostname="IBM-PF3DZ8GN" failures="0" tests="1" name="com.testing.testcases.LoginPageTest" time="0.000" errors="0" timestamp="2022-07-13T19:06:36 IST" skipped="1">
  <testcase classname="com.testing.testcases.LoginPageTest" name="loginTest" time="0.000">
    <skipped/>
  </testcase> <!-- loginTest -->
  <system-out/>
</testsuite> <!-- com.testing.testcases.LoginPageTest -->
