<?xml version="1.0" encoding="UTF-8"?>
<!-- Generated by org.testng.reporters.JUnitReportReporter -->
<testsuite hostname="IBM-PF3DZ8GN" failures="0" tests="1" name="com.testing.testcases.AccountCreationTest" time="19.038" errors="0" timestamp="2022-07-11T18:21:13 IST" skipped="0">
  <testcase classname="com.testing.testcases.AccountCreationTest" name="createAccount" time="19.038"/>
  <system-out/>
</testsuite> <!-- com.testing.testcases.AccountCreationTest -->
